<?xml version="1.0" encoding="ISO-8859-1"?>
<!DOCTYPE sect1 PUBLIC "-//OASIS//DTD DocBook XML V4.5//EN"
   "http://www.oasis-open.org/docbook/xml/4.5/docbookx.dtd" [
  <!ENTITY % general-entities SYSTEM "../../general.ent">
  %general-entities;
  <!ENTITY junit-download-http "https://launchpad.net/debian/+archive/primary/+files/junit4_4.11.orig.tar.gz">
  <!ENTITY junit-download-ftp  " ">
  <!ENTITY junit-md5sum        "b4d163832583dcec8bedb5427c795cc4">
  <!ENTITY junit-size          "1.7 Mo">
  <!ENTITY junit-buildsize     "34 Mo">
  <!ENTITY junit-time          "0.1 SBU">
]>
<sect1 id="junit" xreflabel="JUnit-&junit-version;">
  <?dbhtml filename="junit.html"?>
  <sect1info>
    <othername>$LastChangedBy&nbsp;: dj $</othername>
    <date>$Date&nbsp;: 2012-06-07 06:40:05 +0200 (Thu, 07 Jun 2012) $</date>
  </sect1info>
  <title>JUnit-&junit-version;</title>
  <indexterm zone="junit">
    <primary sortas="a-JUnit">JUnit</primary>
  </indexterm>
  <sect2 role="package">
    <title>Introduction à JUnit</title>
 
 <para>Le paquet <application>JUnit</application> contient un environnement
    de travail simple et libre pour écrire et lancer des tests qu'on peut
    répéter. C'est un exemple de l'architecture xUnit pour des environnements
    de test d'unité. Les fonctionnalités JUnit incluent
    des assertions pour tester les résultats attendus, des équipements de tests
    pour le partage de données de tests communes, et des lanceurs de tests pour
    lancer des tests.</para>
   &lfs73_checked;
    <bridgehead renderas="sect3">Informations sur le paquet</bridgehead>
    <itemizedlist spacing="compact">
      <listitem>
        <para>Téléchargement (HTTP)&nbsp;: <ulink url="&junit-download-http;"/></para>
      </listitem>
      <listitem>
        <para>Téléchargement (FTP)&nbsp;: <ulink url="&junit-download-ftp;"/></para>
      </listitem>
      <listitem>
        <para>Somme de contrôle MD5 du téléchargement&nbsp;: &junit-md5sum;</para>
      </listitem>
      <listitem>
        <para>Taille du téléchargement&nbsp;: &junit-size;</para>
      </listitem>
      <listitem>
        <para>Estimation de l'espace disque requis&nbsp;: &junit-buildsize;</para>
      </listitem>
      <listitem>
        <para>Estimation du temps de construction&nbsp;: &junit-time;</para>
      </listitem>
    </itemizedlist>
    <bridgehead renderas="sect3">Téléchargements supplémentaires</bridgehead>
    <itemizedlist spacing="compact">
      <listitem>
        <para>
          Fichier requis: <ulink
             url="http://anduin.linuxfromscratch.org/sources/other/junit-4.11.jar">
                  http://anduin.linuxfromscratch.org/sources/other/junit-4.11.jar</ulink>
       </para>
      </listitem>
      <listitem>
        <para>
          Fichier requis: <ulink
             url="http://hamcrest.googlecode.com/files/hamcrest-1.3.tgz">
                  http://hamcrest.googlecode.com/files/hamcrest-1.3.tgz </ulink>
        </para>
      </listitem>
    </itemizedlist>
     <bridgehead renderas="sect3">Dépendances de JUnit</bridgehead>
    <bridgehead renderas="sect4">Requises</bridgehead>
    <para role="required"><xref linkend="apache-ant"/> et <xref linkend="unzip"/></para>
    <para condition="html" role="usernotes">Notes utilisateur&nbsp;:
    <ulink url="&blfs-wiki;/junit"/></para>
  </sect2>
  <sect2 role="installation">
    <title>Installation de JUnit</title>
    <para>Pour faire une construction complète de JUnit depuis les sources, <xref linkend='apache-ant'/>
    est requis. Cependant JUnit est utilisé dans la construction de Apache Ant.  Copiez
    le fichier jar de Unit-&junit-version; pour commencer. Ensuite retournez construire depuis les sources, si vous le souhaitez.</para>
    <para>Installez <application>JUnit</application> en lançant les commandes
    commands en tant qu'utilisateur <systemitem class="username">root</systemitem>&nbsp;:</para>
<screen role="root"><userinput>install -v -m755 -d /usr/share/java &amp;&amp;
cp -v junit.jar  /usr/share/java</userinput></screen>
    <para>A ce point, soyez certain que Apache-Ant est installé et ensuite continuez avec la construction depuis les sources et l'installation.
       Depuis le répertoire créé par l'extraction des sources de JUnit, placez les fichiers jar requis de hamcrest et construisez le paquet:
   </para>
<screen role="root"><userinput>install -v -m755 -d /usr/share/java/hamcrest        &amp;&amp;
cp -v hamcrest-all-1.3.jar /usr/share/java/hamcrest &amp;&amp;
ln -sv  hamcrest/hamcrest-all-1.3.jar /usr/share/java/hamcrest.jar </userinput></screen>
    <para>Les tests sont automatiquement fait pendant l'étape de construction.</para>
    <para>Installez les fichiers dans l'endroit final en tant qu'utilisateur
    <systemitem class="username">root</systemitem>:</para>

<screen role="root"><userinput>install -v -m755 -d /usr/share/{doc,java}/junit-&junit-version; &amp;&amp;
chown -R root:root .                                 &amp;&amp;
cp -v -R junit*/javadoc/*             /usr/share/doc/junit-&junit-version;  &amp;&amp;
cp -v junit*/junit*.jar               /usr/share/java/junit-&junit-version; &amp;&amp;
cp -v hamcrest-1.3/hamcrest-core*.jar /usr/share/java/junit-&junit-version;</userinput></screen>

    <para>Finalement, mettez à jour la variable <envar>CLASSPATH</envar> :</para>
<screen><userinput>export CLASSPATH=$CLASSPATH:/usr/share/java/junit-&junit-version;</userinput></screen>
 
  </sect2>
 <sect2 role="content">
    <title>Contenu</title>

    <segmentedlist>
      <segtitle>Programmes installés</segtitle>
      <segtitle>Bibliothèques installées</segtitle>
      <segtitle>Répertoires installés</segtitle>

      <seglistitem>
        <seg>Aucune</seg>
        <seg>les fichiers jar hamcrest-core et junit</seg>
        <seg>/usr/share/doc/junit-&junit-version; et
             /usr/share/java/junit-&junit-version;</seg>
      </seglistitem>
    </segmentedlist>

    <variablelist>
      <bridgehead renderas="sect3">Descriptions courtes</bridgehead>
      <?dbfo list-presentation="list"?>
      <?dbhtml list-presentation="table"?>

      <varlistentry id="junit.jar">
        <term><filename class='libraryfile'>fichiers jar de junit</filename></term>
        <listitem>
          <para>contient les classes java pour supporter l'architecture de tests du framework xUnit.</para>
          <indexterm zone="junit junit.jar">
            <primary sortas="c-junit.jar">junit-&junit-version;.jar</primary>
          </indexterm>
        </listitem>
 </varlistentry>

    </variablelist>

  </sect2>




</sect1>
