<?xml version="1.0" encoding="UTF-8"?>
<!DOCTYPE sect1 PUBLIC "-//OASIS//DTD DocBook XML V4.5//EN"
   "http://www.oasis-open.org/docbook/xml/4.5/docbookx.dtd" [
  <!ENTITY % general-entities SYSTEM "../../general.ent">
  %general-entities;
  <!ENTITY junit-download-http "https://launchpad.net/debian/+archive/primary/+files/junit4_&junit-version;.orig.tar.gz">
  <!ENTITY junit-download-ftp  " ">
  <!ENTITY junit-md5sum        "b4d163832583dcec8bedb5427c795cc4">
  <!ENTITY junit-size          "1.7 Mo">
  <!ENTITY junit-buildsize     "34 Mo">
  <!ENTITY junit-time          "0.1 SBU">
]>
<sect1 id="junit" xreflabel="JUnit-&junit-version;">
  <?dbhtml filename="junit.html"?>
  <sect1info>
    <othername>$LastChangedBy&nbsp;: dj $</othername>
    <date>$Date&nbsp;: 2012-06-07 06:40:05 +0200 (Thu, 07 Jun 2012) $</date>
  </sect1info>
  <title>JUnit-&junit-version;</title>
  <indexterm zone="junit">
    <primary sortas="a-JUnit">JUnit</primary>
  </indexterm>
  <sect2 role="package">
    <title>Introduction à JUnit</title>
 
 <para>Le paquet <application>JUnit</application> contient un environnement
    de travail simple et libre pour écrire et lancer des tests qu'on peut
    répéter. C'est un exemple de l'architecture xUnit pour des environnements
    de test d'unité. Les fonctionnalités JUnit incluent
    des assertions pour tester les résultats attendus, des équipements de tests
    pour le partage de données de tests communes, et des lanceurs de tests pour
    lancer des tests.</para>
   &lfs76_checked;
    <bridgehead renderas="sect3">Informations sur le paquet</bridgehead>
    <itemizedlist spacing="compact">
      <listitem>
        <para>Téléchargement (HTTP)&nbsp;: <ulink url="&junit-download-http;"/></para>
      </listitem>
      <listitem>
        <para>Téléchargement (FTP)&nbsp;: <ulink url="&junit-download-ftp;"/></para>
      </listitem>
      <listitem>
        <para>Somme de contrôle MD5 du téléchargement&nbsp;: &junit-md5sum;</para>
      </listitem>
      <listitem>
        <para>Taille du téléchargement&nbsp;: &junit-size;</para>
      </listitem>
      <listitem>
        <para>Estimation de l'espace disque requis&nbsp;: &junit-buildsize;</para>
      </listitem>
      <listitem>
        <para>Estimation du temps de construction&nbsp;: &junit-time;</para>
      </listitem>
    </itemizedlist>
    <bridgehead renderas="sect3">Téléchargements supplémentaires</bridgehead>
    <itemizedlist spacing="compact">
      <listitem>
        <para>
          Fichier requis: <ulink
             url="http://hamcrest.googlecode.com/files/hamcrest-&hamcrest-version;.tgz">
                  http://hamcrest.googlecode.com/files/hamcrest-&hamcrest-version;.tgz </ulink>
       </para>
      </listitem>
    </itemizedlist>
     <bridgehead renderas="sect3">Dépendances de JUnit</bridgehead>
    <bridgehead renderas="sect4">Requises</bridgehead>
    <para role="required"><xref linkend="apache-ant"/> et <xref linkend="unzip"/></para>
    <para condition="html" role="usernotes">Notes utilisateur&nbsp;:
    <ulink url="&blfs-wiki;/junit"/></para>
  </sect2>
  <sect2 role="installation">
    <title>Installation de JUnit</title>

    <para>
      La commande <command>javadoc</command> venant avec OpenJDK 8 est devenu plus strict qu'avant
      à propos de la conformité des commentaires javadoc dans le code source vers l'HTML.
      La documentation de <application>Junit</application>
      ne respecte pas ces stantards, aussi les tests de conformité ont été désactivés. Cela peut être 
      fait avec la commande suivante:
    </para>
<screen><userinput>sed -i '\@/docs/@a&lt;arg value="Xdoclint:none"/&gt;' build.xml</userinput></screen>

    <para>Maintenant, placez les fichiers jar requis de hamcrest ou il le faut et construisez le paquet:
    </para>
<screen>
<userinput>tar -xf ../hamcrest-&hamcrest-version;.tgz                              &amp;&amp;
cp -v hamcrest-&hamcrest-version;/hamcrest-core-&hamcrest-version;{,-sources}.jar lib/ &amp;&amp;
ant dist</userinput>
</screen>
    <para>Testez le paquet en tapant <command>ant dist</command>. Un test échoue pour une raison inconnue.</para>
    <para>Installez les fichiers dans l'endroit final en tant qu'utilisateur
    <systemitem class="username">root</systemitem>:</para>
<screen role="root">
<userinput>install -v -m755 -d /usr/share/{doc,java}/junit-&junit-version; &amp;&amp;
chown -R root:root .                                 &amp;&amp;
cp -v -R junit*/javadoc/*             /usr/share/doc/junit-&junit-version;  &amp;&amp;
cp -v junit*/junit*.jar               /usr/share/java/junit-&junit-version; &amp;&amp;
cp -v hamcrest-&hamcrest-version;/hamcrest-core*.jar /usr/share/java/junit-&junit-version;</userinput>
</screen>
    <para>Finalement, mettez à jour la variable <envar>CLASSPATH</envar> :</para>
<screen>
<userinput>export CLASSPATH=$CLASSPATH:/usr/share/java/junit-&junit-version;</userinput>
</screen>
 
  </sect2>
 <sect2 role="content">
    <title>Contenu</title>
    <segmentedlist>
      <segtitle>Programmes installés</segtitle>
      <segtitle>Bibliothèques installées</segtitle>
      <segtitle>Répertoires installés</segtitle>
      <seglistitem>
        <seg>Aucune</seg>
        <seg>les fichiers jar hamcrest-core et junit</seg>
        <seg>/usr/share/doc/junit-&junit-version; et
             /usr/share/java/junit-&junit-version;</seg>
      </seglistitem>
    </segmentedlist>
    <variablelist>
      <bridgehead renderas="sect3">Descriptions courtes</bridgehead>
      <?dbfo list-presentation="list"?>
      <?dbhtml list-presentation="table"?>
      <varlistentry id="junit.jar">
        <term><filename class='libraryfile'>fichiers jar de junit</filename></term>
        <listitem>
          <para>contient les classes java pour supporter l'architecture de tests du framework xUnit.</para>
          <indexterm zone="junit junit.jar">
            <primary sortas="c-junit.jar">junit-&junit-version;.jar</primary>
          </indexterm>
        </listitem>
 </varlistentry>
    </variablelist>
  </sect2>
</sect1>
