<?xml version="1.0" encoding="ISO-8859-1"?>
<!DOCTYPE sect1 PUBLIC "-//OASIS//DTD DocBook XML V4.5//EN"
   "http://www.oasis-open.org/docbook/xml/4.5/docbookx.dtd" [
  <!ENTITY % general-entities SYSTEM "../../general.ent">
  %general-entities;

  <!ENTITY junit-download-http "&sourceforge-repo;/junit/junit&junit-version;.zip">
  <!ENTITY junit-download-ftp  " ">
  <!ENTITY junit-md5sum        "0666bd1b9a7296ff2b6ee478c82a516b">
  <!ENTITY junit-size          "1.7 Mio">
  <!ENTITY junit-buildsize     "15 Mio">
  <!ENTITY junit-time          "moins de 0.1 SBU">
]>

<sect1 id="junit" xreflabel="JUnit-&junit-version;">
  <?dbhtml filename="junit.html"?>

  <sect1info>
    <othername>$LastChangedBy&nbsp;: andy $</othername>
    <date>$Date&nbsp;: 2012-05-07 22:29:46 +0200 (Mon, 07 May 2012) $</date>
  </sect1info>

  <title>JUnit-&junit-version;</title>

  <indexterm zone="junit">
    <primary sortas="a-JUnit">JUnit</primary>
  </indexterm>

  <sect2 role="package">
    <title>Introduction à JUnit</title>

    <para>Le paquet <application>JUnit</application> contient un environnement
    de travail simple et libre pour écrire et lancer des tests qu'on peut
    répéter. C'est un exemple de l'architecture xUnit pour des environnements
    de test d'unité. Les fonctionnalités JUnit incluent
    des assertions pour tester les résultats attendus, des équipements de tests
    pour le partage de données de tests communes, et des lanceurs de tests pour
    lancer des tests.</para>

&lfs71_checked;

    <bridgehead renderas="sect3">Informations sur le paquet</bridgehead>
    <itemizedlist spacing="compact">
      <listitem>
        <para>Téléchargement (HTTP)&nbsp;: <ulink url="&junit-download-http;"/></para>
      </listitem>
      <listitem>
        <para>Téléchargement (FTP)&nbsp;: <ulink url="&junit-download-ftp;"/></para>
      </listitem>
      <listitem>
        <para>Somme de contrôle MD5 du téléchargement&nbsp;: &junit-md5sum;</para>
      </listitem>
      <listitem>
        <para>Taille du téléchargement&nbsp;: &junit-size;</para>
      </listitem>
      <listitem>
        <para>Estimation de l'espace disque requis&nbsp;: &junit-buildsize;</para>
      </listitem>
      <listitem>
        <para>Estimation du temps de construction&nbsp;: &junit-time;</para>
      </listitem>
    </itemizedlist>

    <bridgehead renderas="sect3">Dépendances de JUnit</bridgehead>

    <bridgehead renderas="sect4">Requises</bridgehead>
    <para role="required"><xref linkend="unzip"/></para>

    <para condition="html" role="usernotes">Notes utilisateur&nbsp;:
    <ulink url="&blfs-wiki;/junit"/></para>

  </sect2>

  <sect2 role="installation">
    <title>Installation de JUnit</title>

    <para>Installez <application>JUnit</application> en lançant les commandes
    commands en tant qu'utilisateur <systemitem class="username">root</systemitem>&nbsp;:</para>

<screen role="root"><userinput>install -v -m755 -d /usr/share/{,doc/}junit-&junit-version; &amp;&amp;
chown -R root:root .                             &amp;&amp;
cp -v -R junit* org  /usr/share/junit-&junit-version;       &amp;&amp;
cp -v -R *.html *doc /usr/share/doc/junit-&junit-version;</userinput></screen>

    <para>Ajoutez le répertoire <filename
    class='libraryfile'>junit-&junit-version;.jar</filename> et <filename
    class='directory'>/usr/share/junit-&junit-version;</filename> à la variable
    d'environnement <envar>CLASSPATH</envar> de votre système&nbsp;:</para>

<screen><userinput>export CLASSPATH=$CLASSPATH:\
   /usr/share/junit-&junit-version;/junit-&junit-version;.jar:/usr/share/junit-&junit-version;</userinput></screen>

    <para>Pour lancer les auto-tests de régression de <application>JUnit</application>,
    vous devrez avoir installé <xref linkend="openjdk"/>, <!-- <xref linkend="jdk"/>-->
    ou <ulink url="http://jikes.sourceforge.net/">Jikes</ulink> et mis à jour la 
    variable d'environnement <envar>CLASSPATH</envar>. Puis, en tant 
    qu'utilisateur non privilégié, lancez&nbsp;:</para>

<screen><userinput>java org.junit.runner.JUnitCore org.junit.tests.AllTests</userinput></screen>

  </sect2>

  <sect2 role="content">
    <title>Contenu</title>

    <segmentedlist>
      <segtitle>Programmes installés</segtitle>
      <segtitle>Bibliothèque installée</segtitle>
      <segtitle>Répertoires installés</segtitle>

      <seglistitem>
        <seg>Aucun</seg>
        <seg>junit-&junit-version;.jar</seg>
        <seg>/usr/share/junit-&junit-version;,
        /usr/share/doc/junit-&junit-version;</seg>
      </seglistitem>
    </segmentedlist>

    <variablelist>
      <bridgehead renderas="sect3">Descriptions courtes</bridgehead>
      <?dbfo list-presentation="list"?>
      <?dbhtml list-presentation="table"?>

      <varlistentry id="junit.jar">
        <term><filename class='libraryfile'>junit-&junit-version;.jar</filename></term>
        <listitem>
          <para>contient des classes java pour supporter l'architecture
          de test de l'environnement xUnit.</para>
          <indexterm zone="junit junit.jar">
            <primary sortas="c-junit.jar">junit-&junit-version;.jar</primary>
          </indexterm>
        </listitem>
      </varlistentry>

    </variablelist>

  </sect2>

</sect1>
