<?xml version="1.0" encoding="ISO-8859-1"?>
<!DOCTYPE sect1 PUBLIC "-//OASIS//DTD DocBook XML V4.5//EN"
    "http://www.oasis-open.org/docbook/xml/4.5/docbookx.dtd" [
   <!ENTITY % general-entities SYSTEM "../../general.ent">
   %general-entities;
   
   <!ENTITY junit-download-http "&sourceforge-repo;/junit/junit&junit-version;.zip">
   <!ENTITY junit-download-ftp  " ">
   <!ENTITY junit-md5sum        "86aae1041d5f36ab9b2fd7f53fb531c6">
   <!ENTITY junit-size          "1.6 Mio">
   <!ENTITY junit-buildsize     "15 Mio">
   <!ENTITY junit-time          "moins de0.1 SBU">
   
]>
<sect1 id="junit" xreflabel="JUnit-&junit-version;">
   <?dbhtml filename="junit.html"?>
   
   <sect1info>
      <othername>$LastChangedBy: randy $</othername>
      <date>$Date: 2010-11-12 15:14:59 +0100 (ven. 12 nov. 2010) $</date>
   </sect1info>
   
   <title>JUnit-&junit-version;</title> 
   
   <indexterm zone="junit">
      <primary sortas="a-JUnit"> JUnit </primary>
   </indexterm>
   
   <sect2 role="package">
      <title>Introduction à JUnit</title> 
      
      <para>
         Le paquet <application>JUnit</application> contient un environnement de travail simple et
         libre pour écrire et lancer des tests qu'on peut répéter. C'est un exemple de
         l'architecture xUnit pour des environnements de test d'unité. Les fonctionnalités JUnit
         incluent des assertions pour tester les résultats attendus, des équipements de tests pour
         le partage de données de tests communes, et des lanceurs de tests pour lancer des tests. 
      </para> 
      
      <para>
         &lfssvn_checked;20101029&lfssvn_checked2; 
      </para> 
      
      <bridgehead renderas="sect3"> Informations sur le paquet </bridgehead>
      <itemizedlist spacing="compact">
         <listitem>
            <para>
               Téléchargement (HTTP): <ulink url="&junit-download-http;"/> 
            </para> 
         </listitem>
         <listitem>
            <para>
               Téléchargement (FTP): <ulink url="&junit-download-ftp;"/> 
            </para> 
         </listitem>
         <listitem>
            <para>
               Somme de contrôle MD5 du téléchargement: &junit-md5sum; 
            </para> 
         </listitem>
         <listitem>
            <para>
               Taille du téléchargement: &junit-size; 
            </para> 
         </listitem>
         <listitem>
            <para>
               Estimation de l'espace disque requis: &junit-buildsize; 
            </para> 
         </listitem>
         <listitem>
            <para>
               Estimation du temps de construction: &junit-time; 
            </para> 
         </listitem>
      </itemizedlist>
      
      <bridgehead renderas="sect3"> Dépendances de JUnit </bridgehead>
      
      <bridgehead renderas="sect4"> Requises </bridgehead>
      
      <para role="required">
         <xref linkend="unzip"/>
      </para> 
      
      <para condition="html" role="usernotes">
         Notes utilisateur: <ulink url="&blfs-wiki;/junit"/> 
      </para> 
      
   </sect2>
   
   <sect2 role="installation">
      <title>Installation de JUnit</title> 
      
      <para>
         Installez <application>JUnit</application> en lançant les commandes commands en tant
         qu'utilisateur <systemitem class="username"> root </systemitem>&nbsp;:  
      </para> 
      
<screen role="root">
<userinput>install -v -m755 -d /usr/share/{,doc/}junit-&junit-version; &amp;&amp;
chown -R root:root . &amp;&amp;
cp -v -R junit* org  /usr/share/junit-&junit-version; &amp;&amp;
cp -v -R *.html *doc /usr/share/doc/junit-&junit-version;</userinput></screen>
      
      <para>
         Ajoutez le répertoire <filename class='libraryfile'>junit-&junit-version;.jar</filename> et
         <filename class='directory'>
         /usr/share/junit-&junit-version;</filename> à la variable d'environnement <envar>CLASSPATH
         </envar>de votre système:  
      </para> 
      
<screen><userinput>export CLASSPATH=$CLASSPATH:\
/usr/share/junit-&junit-version;/junit-&junit-version;.jar:/usr/share/junit-&junit-version;</userinput></screen>
      
      <para>
         Pour lancer les auto-tests de régression de <application>JUnit</application> , vous devrez
         avoir installé <xref linkend="icedtea6"/>, <xref linkend="jdk"/>
         ou <ulink url="http://jikes.sourceforge.net/"> Jikes </ulink>
         et mis à jour la variable d'environnement <envar>CLASSPATH </envar>. Puis, en tant
         qu'utilisateur non privilégié, lancez:  
      </para> 
      
<screen><userinput>java org.junit.runner.JUnitCore org.junit.tests.AllTests</userinput></screen>
      
   </sect2>
   
   <sect2 role="content">
      <title>Contenu</title> 
      
      <segmentedlist>
         <segtitle>Programmes installés</segtitle>
         <segtitle>Bibliothèque installée</segtitle>
         <segtitle>Répertoires installés</segtitle>
         
         <seglistitem>
            <seg>
               Aucun
            </seg>
            <seg>
               junit-&junit-version;.jar
            </seg>
            <seg>
               /usr/share/junit-&junit-version;, /usr/share/doc/junit-&junit-version;
            </seg>
         </seglistitem>
      </segmentedlist>
      <variablelist>
      
      <bridgehead renderas="sect3"> Descriptions courtes </bridgehead>
      <?dbfo list-presentation="list"?>
      <?dbhtml list-presentation="table"?>
      
      <varlistentry id="junit.jar">
         <term><filename class='libraryfile'>junit-&junit-version;.jar</filename> </term>
         <listitem>
            <para>
               contient des classes java pour supporter l'architecture de test de l'environnement
               xUnit. 
            </para> 
            <indexterm zone="junit junit.jar">
               <primary sortas="c-junit.jar"> junit-&junit-version;.jar </primary>
            </indexterm>
         </listitem>
      </varlistentry>
      </variablelist>
      
   </sect2>
   
</sect1>
